<?xml version="1.0" encoding="UTF-8"?>
<!-- Generated by org.testng.reporters.JUnitXMLReporter -->
<testsuite hostname="LAPTOP-SS83EF10" ignored="0" name="Validating title in the Page" tests="1" failures="0" timestamp="03 Aug 2019 23:43:13 GMT" time="0.025" errors="0">
  <testcase name="@BeforeTest initialize" time="0.001" classname="Academy.validateTitle">
    <failure type="java.io.FileNotFoundException" message="C:\Users\kanik\Desktop\Eclipse Projects\E2EProject\src\main\java\resources\data.properties (The system cannot find the path specified)">
      <![CDATA[java.io.FileNotFoundException: C:\Users\kanik\Desktop\Eclipse Projects\E2EProject\src\main\java\resources\data.properties (The system cannot find the path specified)
at java.io.FileInputStream.open0(Native Method)
at java.io.FileInputStream.open(Unknown Source)
at java.io.FileInputStream.<init>(Unknown Source)
at java.io.FileInputStream.<init>(Unknown Source)
at resources.base.initializeDriver(base.java:26)
at Academy.validateTitle.initialize(validateTitle.java:26)
... Removed 24 stack frames]]>
    </failure>
  </testcase> <!-- @BeforeTest initialize -->
  <testcase name="@AfterTest teardown" time="0.0" classname="Academy.validateTitle">
    <skipped/>
  </testcase> <!-- @AfterTest teardown -->
  <testcase name="validateAppTitle" time="0.0" classname="Academy.validateTitle">
    <skipped/>
  </testcase> <!-- validateAppTitle -->
</testsuite> <!-- Validating title in the Page -->
