<?xml version="1.0" encoding="UTF-8"?>
<!-- Generated by org.testng.reporters.JUnitXMLReporter -->
<testsuite hostname="LAPTOP-SS83EF10" ignored="0" name="Validating title in the Page" tests="1" failures="1" timestamp="25 Jul 2019 21:52:47 GMT" time="12.833" errors="0">
  <testcase name="validateAppTitle" time="0.075" classname="Academy.validateTitle">
    <failure type="java.lang.AssertionError" message="expected [FEATURED CO123URSES] but found [FEATURED COURSES]">
      <![CDATA[java.lang.AssertionError: expected [FEATURED CO123URSES] but found [FEATURED COURSES]
at Academy.validateTitle.validateAppTitle(validateTitle.java:41)
... Removed 31 stack frames]]>
    </failure>
  </testcase> <!-- validateAppTitle -->
</testsuite> <!-- Validating title in the Page -->
